<?xml version="1.0" encoding="UTF-8"?>
<testng-results skipped="0" failed="0" ignored="1" total="2" passed="1">
  <reporter-output>
  </reporter-output>
  <suite name="Default suite" duration-ms="40426" started-at="2019-06-22T06:37:51Z" finished-at="2019-06-22T06:38:31Z">
    <groups>
    </groups>
    <test name="Default test" duration-ms="40426" started-at="2019-06-22T06:37:51Z" finished-at="2019-06-22T06:38:31Z">
      <class name="com.qa.FreeCrmPro.VisIt.TestCases.LoginPageTest">
        <test-method status="PASS" signature="beforeSuite()[pri:0, instance:com.qa.FreeCrmPro.VisIt.TestCases.LoginPageTest@5c3bd550]" name="beforeSuite" is-config="true" duration-ms="688" started-at="2019-06-22T06:37:50Z" finished-at="2019-06-22T06:37:51Z">
          <reporter-output>
          </reporter-output>
        </test-method> <!-- beforeSuite -->
        <test-method status="PASS" signature="setup()[pri:0, instance:com.qa.FreeCrmPro.VisIt.TestCases.LoginPageTest@5c3bd550]" name="setup" is-config="true" duration-ms="29283" started-at="2019-06-22T06:37:51Z" finished-at="2019-06-22T06:38:20Z">
          <reporter-output>
          </reporter-output>
        </test-method> <!-- setup -->
        <test-method status="PASS" signature="verifyLogintoFreeCrmProTest(java.lang.String, java.lang.String)[pri:2, instance:com.qa.FreeCrmPro.VisIt.TestCases.LoginPageTest@5c3bd550]" name="verifyLogintoFreeCrmProTest" duration-ms="9427" started-at="2019-06-22T06:38:20Z" data-provider="getExcelData" finished-at="2019-06-22T06:38:30Z">
          <params>
            <param index="0">
              <value>
                <![CDATA[Vasant]]>
              </value>
            </param>
            <param index="1">
              <value>
                <![CDATA[Vasant123]]>
              </value>
            </param>
          </params>
          <reporter-output>
          </reporter-output>
        </test-method> <!-- verifyLogintoFreeCrmProTest -->
        <test-method status="PASS" signature="tearDown(org.testng.ITestResult)[pri:0, instance:com.qa.FreeCrmPro.VisIt.TestCases.LoginPageTest@5c3bd550]" name="tearDown" is-config="true" duration-ms="1682" started-at="2019-06-22T06:38:30Z" finished-at="2019-06-22T06:38:31Z">
          <params>
            <param index="0">
              <value>
                <![CDATA[[TestResult name=verifyLogintoFreeCrmProTest status=SUCCESS method=LoginPageTest.verifyLogintoFreeCrmProTest(java.lang.String, java.lang.String)[pri:2, instance:com.qa.FreeCrmPro.VisIt.TestCases.LoginPageTest@5c3bd550] output={null}]]]>
              </value>
            </param>
          </params>
          <reporter-output>
          </reporter-output>
        </test-method> <!-- tearDown -->
      </class> <!-- com.qa.FreeCrmPro.VisIt.TestCases.LoginPageTest -->
    </test> <!-- Default test -->
  </suite> <!-- Default suite -->
</testng-results>
