<?xml version="1.0" encoding="UTF-8"?>
<!-- Generated by org.testng.reporters.JUnitXMLReporter -->
<testsuite hostname="jaygoka" ignored="0" name="Default test" tests="2" failures="0" timestamp="29 Jun 2019 08:06:59 GMT" time="54.96" errors="0">
  <testcase name="verifyLoginPageTitleTest" time="0.094" classname="com.qa.FreeCrmPro.VisIt.TestCases.LoginPageTest"/>
  <testcase name="verifyLogintoFreeCrmProTest" time="10.494" classname="com.qa.FreeCrmPro.VisIt.TestCases.LoginPageTest"/>
</testsuite> <!-- Default test -->
