<?xml version="1.0" encoding="UTF-8"?>
<!-- Generated by org.testng.reporters.JUnitXMLReporter -->
<testsuite hostname="jaygoka" ignored="1" name="Default test" tests="1" failures="0" timestamp="22 Jun 2019 06:38:32 GMT" time="40.426" errors="0">
  <testcase name="verifyLogintoFreeCrmProTest" time="9.427" classname="com.qa.FreeCrmPro.VisIt.TestCases.LoginPageTest"/>
  <testcase name="verifyLoginPageTitleTest" time="0.0" classname="com.qa.FreeCrmPro.VisIt.TestCases.LoginPageTest">
    <ignored/>
  </testcase> <!-- verifyLoginPageTitleTest -->
</testsuite> <!-- Default test -->
