<?xml version="1.0" encoding="UTF-8"?>
<!-- Generated by org.testng.reporters.JUnitXMLReporter -->
<testsuite hostname="jaygoka" ignored="0" name="Test" tests="2" failures="0" timestamp="29 Jun 2019 07:38:36 GMT" time="76.251" errors="0">
  <testcase name="verifyLoginPageTitleTest" time="0.055" classname="com.qa.FreeCrmPro.VisIt.TestCases.LoginPageTest"/>
  <testcase name="verifyLogintoFreeCrmProTest" time="8.489" classname="com.qa.FreeCrmPro.VisIt.TestCases.LoginPageTest"/>
</testsuite> <!-- Test -->
